<?xml version="1.0" encoding="UTF-8"?>
<testsuite name="comp3111.webscraper.ItemTest" tests="1" skipped="0" failures="0" errors="0" timestamp="2018-10-12T01:21:01" hostname="ASUS" time="0.005">
  <properties/>
  <testcase name="testSetTitle" classname="comp3111.webscraper.ItemTest" time="0.005"/>
  <system-out><![CDATA[]]></system-out>
  <system-err><![CDATA[]]></system-err>
</testsuite>
